INFO    : PreTeXt project found in `C:\Users\HP\OER`.
WARNING : Project's CLI version could not be detected from `requirements.txt`.
WARNING : Try `pretext init --refresh` to produce a compatible file.
INFO    : No change in assets requiring generating detected.  To force regeneration of assets, use `-g` flag.

INFO    : Generating all assets in default formats as requested.
INFO    : Note: PreTeXt will automatically generate assets that have been changed since your last build, so this option is no longer necessary unless something isn't happening as expected.
INFO    : Note: No webwork elements found.
INFO    : Note: No latex-image elements found.
INFO    : Note: No asymptote elements found.
INFO    : Note: No sageplot elements found.
INFO    : Note: No interactive elements found.
INFO    : Now generating youtube previews


INFO    : downloading YouTube thumbnails from C:\Users\HP\OER\source\main.ptx for placement in C:/Users/HP/OER/generated-assets/youtube
INFO    : XSL conversion of C:\Users\HP\OER\source\main.ptx by C:\Users\HP\.ptx\xsl\extract-youtube.xsl
INFO    : comprehensive messages, warnings, and errors:
INFO    : successful application of C:\Users\HP\.ptx\xsl\extract-youtube.xsl
INFO    : downloading http://i.ytimg.com/vi/5ucfHd8FWKw/default.jpg as C:/Users/HP/OER/generated-assets/youtube\video-1.jpg...
INFO    : downloading http://i.ytimg.com/vi/Jf2PgGInUEk/default.jpg as C:/Users/HP/OER/generated-assets/youtube\video-2.jpg...
INFO    : downloading http://i.ytimg.com/vi/Bq0fDYtbfBA/default.jpg as C:/Users/HP/OER/generated-assets/youtube\video-3.jpg...
INFO    : downloading http://i.ytimg.com/vi/iJoZIbjRrYA/default.jpg as C:/Users/HP/OER/generated-assets/youtube\video-4.jpg...
INFO    : downloading http://i.ytimg.com/vi/VZm6mxu2xlk/default.jpg as C:/Users/HP/OER/generated-assets/youtube\video-5.jpg...
INFO    : downloading http://i.ytimg.com/vi/Uc5fC3HN2eQ/default.jpg as C:/Users/HP/OER/generated-assets/youtube\video-6.jpg...
INFO    : downloading http://i.ytimg.com/vi/esHLwySu4XU/default.jpg as C:/Users/HP/OER/generated-assets/youtube\video-7.jpg...
INFO    : downloading http://i.ytimg.com/vi/XHKygCac7tg/default.jpg as C:/Users/HP/OER/generated-assets/youtube\video-8.jpg...
INFO    : downloading http://i.ytimg.com/vi/I8uZpimzHzg/default.jpg as C:/Users/HP/OER/generated-assets/youtube\video-9.jpg...
INFO    : downloading http://i.ytimg.com/vi/dvGmHBzbvDQ/default.jpg as C:/Users/HP/OER/generated-assets/youtube\video-10.jpg...
INFO    : downloading http://i.ytimg.com/vi/tzTCOBEkbgA/default.jpg as C:/Users/HP/OER/generated-assets/youtube\video-11.jpg...
INFO    : downloading http://i.ytimg.com/vi/sN-m5WkbMyI/default.jpg as C:/Users/HP/OER/generated-assets/youtube\video-12.jpg...
INFO    : downloading http://i.ytimg.com/vi/BLuI118nhzc/default.jpg as C:/Users/HP/OER/generated-assets/youtube\video-13.jpg...
INFO    : downloading http://i.ytimg.com/vi/Kn4wcsWCXgY/default.jpg as C:/Users/HP/OER/generated-assets/youtube\video-14.jpg...
INFO    : downloading http://i.ytimg.com/vi/n4hoKgGRx_k/default.jpg as C:/Users/HP/OER/generated-assets/youtube\video-15.jpg...
INFO    : downloading http://i.ytimg.com/vi/_nO9GlsTdfU/default.jpg as C:/Users/HP/OER/generated-assets/youtube\video-16.jpg...
INFO    : downloading http://i.ytimg.com/vi/IPm1qX6NUio/default.jpg as C:/Users/HP/OER/generated-assets/youtube\video-17.jpg...
INFO    : downloading http://i.ytimg.com/vi/FB-VKKcC660/default.jpg as C:/Users/HP/OER/generated-assets/youtube\video-18.jpg...
INFO    : downloading http://i.ytimg.com/vi/_bhzaBtdUIE/default.jpg as C:/Users/HP/OER/generated-assets/youtube\video-19.jpg...
INFO    : downloading http://i.ytimg.com/vi/KEmhb2gHr1U/default.jpg as C:/Users/HP/OER/generated-assets/youtube\video-20.jpg...
INFO    : downloading http://i.ytimg.com/vi/3g51mt8Iaz0/default.jpg as C:/Users/HP/OER/generated-assets/youtube\video-21.jpg...
INFO    : downloading http://i.ytimg.com/vi/JXxc0o1iAH4/default.jpg as C:/Users/HP/OER/generated-assets/youtube\video-22.jpg...
INFO    : downloading http://i.ytimg.com/vi/eGYlzV8E5AM/default.jpg as C:/Users/HP/OER/generated-assets/youtube\video-23.jpg...
INFO    : downloading http://i.ytimg.com/vi/GwQ1ublCTBY/default.jpg as C:/Users/HP/OER/generated-assets/youtube\video-24.jpg...
INFO    : downloading http://i.ytimg.com/vi/eaPGC3rYA_E/default.jpg as C:/Users/HP/OER/generated-assets/youtube\video-25.jpg...
INFO    : downloading http://i.ytimg.com/vi/XUrUBts_ivE/default.jpg as C:/Users/HP/OER/generated-assets/youtube\video-26.jpg...
INFO    : downloading http://i.ytimg.com/vi/1gDZC8lOaKI/default.jpg as C:/Users/HP/OER/generated-assets/youtube\video-27.jpg...
INFO    : downloading http://i.ytimg.com/vi/8DLz_Ys1VhI/default.jpg as C:/Users/HP/OER/generated-assets/youtube\video-28.jpg...
INFO    : downloading http://i.ytimg.com/vi/tUtIkpymzkg/default.jpg as C:/Users/HP/OER/generated-assets/youtube\video-29.jpg...
INFO    : downloading http://i.ytimg.com/vi/yLdrVot7WmY/default.jpg as C:/Users/HP/OER/generated-assets/youtube\video-30.jpg...
INFO    : downloading http://i.ytimg.com/vi/lG4ixrdnEQ4/default.jpg as C:/Users/HP/OER/generated-assets/youtube\video-31.jpg...
INFO    : downloading http://i.ytimg.com/vi/dHMGV_WOG7w/default.jpg as C:/Users/HP/OER/generated-assets/youtube\video-32.jpg...
INFO    : downloading http://i.ytimg.com/vi/i6yXnUEO82k/default.jpg as C:/Users/HP/OER/generated-assets/youtube\video-33.jpg...
INFO    : downloading http://i.ytimg.com/vi/dlprnaTxgGc/default.jpg as C:/Users/HP/OER/generated-assets/youtube\video-34.jpg...
INFO    : downloading http://i.ytimg.com/vi/iZTNDzuC7A4/default.jpg as C:/Users/HP/OER/generated-assets/youtube\for_vb-solving-forces2.jpg...
INFO    : downloading http://i.ytimg.com/vi/zTqmp750d2E/default.jpg as C:/Users/HP/OER/generated-assets/youtube\for_vb-dog-on-stool.jpg...
INFO    : downloading http://i.ytimg.com/vi/26vbUjdFpBk/default.jpg as C:/Users/HP/OER/generated-assets/youtube\video-37.jpg...
INFO    : downloading http://i.ytimg.com/vi/u67tATWkDQk/default.jpg as C:/Users/HP/OER/generated-assets/youtube\video-38.jpg...
INFO    : downloading http://i.ytimg.com/vi/kJ9qrl0SrPI/default.jpg as C:/Users/HP/OER/generated-assets/youtube\video-39.jpg...
INFO    : downloading http://i.ytimg.com/vi/FJE5RVCgXGg/default.jpg as C:/Users/HP/OER/generated-assets/youtube\video-40.jpg...
INFO    : downloading http://i.ytimg.com/vi/lyOJABYAlO4/default.jpg as C:/Users/HP/OER/generated-assets/youtube\video-41.jpg...
INFO    : downloading http://i.ytimg.com/vi/mA5qc9zSi8w/default.jpg as C:/Users/HP/OER/generated-assets/youtube\video-42.jpg...
INFO    : downloading http://i.ytimg.com/vi/D8MzvLM2m64/default.jpg as C:/Users/HP/OER/generated-assets/youtube\video-43.jpg...
INFO    : downloading http://i.ytimg.com/vi/Mun7c6RB140/default.jpg as C:/Users/HP/OER/generated-assets/youtube\video-44.jpg...
INFO    : downloading http://i.ytimg.com/vi/09lGQ0qCaCo/default.jpg as C:/Users/HP/OER/generated-assets/youtube\video-45.jpg...
INFO    : downloading http://i.ytimg.com/vi/ZN3597-5_NU/default.jpg as C:/Users/HP/OER/generated-assets/youtube\en_vb-work.jpg...
INFO    : downloading http://i.ytimg.com/vi/bzi7R6AW5vA/default.jpg as C:/Users/HP/OER/generated-assets/youtube\video-47.jpg...
INFO    : downloading http://i.ytimg.com/vi/bTf1uglBaEQ/default.jpg as C:/Users/HP/OER/generated-assets/youtube\video-48.jpg...
INFO    : downloading http://i.ytimg.com/vi/_p0TGVgnK_w/default.jpg as C:/Users/HP/OER/generated-assets/youtube\video-49.jpg...
INFO    : downloading http://i.ytimg.com/vi/LGoCZu0yhvs/default.jpg as C:/Users/HP/OER/generated-assets/youtube\video-50.jpg...
INFO    : downloading http://i.ytimg.com/vi/KZ0An1CqvzI/default.jpg as C:/Users/HP/OER/generated-assets/youtube\video-51.jpg...
INFO    : downloading http://i.ytimg.com/vi/_x3cl1SXSpk/default.jpg as C:/Users/HP/OER/generated-assets/youtube\video-52.jpg...
INFO    : downloading http://i.ytimg.com/vi/hMlkGos6HA0/default.jpg as C:/Users/HP/OER/generated-assets/youtube\video-53.jpg...
INFO    : downloading http://i.ytimg.com/vi/plP2MLFQZNY/default.jpg as C:/Users/HP/OER/generated-assets/youtube\video-54.jpg...
INFO    : downloading http://i.ytimg.com/vi/tIn6UMjLXTo/default.jpg as C:/Users/HP/OER/generated-assets/youtube\video-55.jpg...
INFO    : downloading http://i.ytimg.com/vi/7Pqm1T-Ijgk/default.jpg as C:/Users/HP/OER/generated-assets/youtube\video-56.jpg...
INFO    : downloading http://i.ytimg.com/vi/5y9oHu5_2_4/default.jpg as C:/Users/HP/OER/generated-assets/youtube\video-57.jpg...
INFO    : downloading http://i.ytimg.com/vi/wKb79stvmsQ/default.jpg as C:/Users/HP/OER/generated-assets/youtube\video-58.jpg...
INFO    : downloading http://i.ytimg.com/vi/tVYO30-lkVI/default.jpg as C:/Users/HP/OER/generated-assets/youtube\en_vb-mvd.jpg...
INFO    : downloading http://i.ytimg.com/vi/7qSLI0p2lpw/default.jpg as C:/Users/HP/OER/generated-assets/youtube\video-60.jpg...
INFO    : downloading http://i.ytimg.com/vi/ohX0ywFbPXY/default.jpg as C:/Users/HP/OER/generated-assets/youtube\video-61.jpg...
INFO    : downloading http://i.ytimg.com/vi/7sCtIXsKo8s/default.jpg as C:/Users/HP/OER/generated-assets/youtube\video-62.jpg...
INFO    : downloading http://i.ytimg.com/vi/j7C4El5zBXs/default.jpg as C:/Users/HP/OER/generated-assets/youtube\video-63.jpg...
INFO    : downloading http://i.ytimg.com/vi/mPozBCmcb4w/default.jpg as C:/Users/HP/OER/generated-assets/youtube\video-64.jpg...
INFO    : downloading http://i.ytimg.com/vi/IdZoXXpjGpI/default.jpg as C:/Users/HP/OER/generated-assets/youtube\video-65.jpg...
INFO    : downloading http://i.ytimg.com/vi/aLi-AAVsIwM/default.jpg as C:/Users/HP/OER/generated-assets/youtube\video-66.jpg...
INFO    : downloading http://i.ytimg.com/vi/qMJK_sjdUCw/default.jpg as C:/Users/HP/OER/generated-assets/youtube\video-67.jpg...
INFO    : downloading http://i.ytimg.com/vi/bNztugsrtWs/default.jpg as C:/Users/HP/OER/generated-assets/youtube\video-68.jpg...
INFO    : downloading http://i.ytimg.com/vi/xqxvXKd6gMU/default.jpg as C:/Users/HP/OER/generated-assets/youtube\video-69.jpg...
INFO    : downloading http://i.ytimg.com/vi/XzBIw5aryns/default.jpg as C:/Users/HP/OER/generated-assets/youtube\video-70.jpg...
INFO    : downloading http://i.ytimg.com/vi/1anNyNrvtIU/default.jpg as C:/Users/HP/OER/generated-assets/youtube\video-71.jpg...
INFO    : downloading http://i.ytimg.com/vi/WNeSIj9tWN4/default.jpg as C:/Users/HP/OER/generated-assets/youtube\video-72.jpg...
INFO    : downloading http://i.ytimg.com/vi/C2XHn6NIqAM/default.jpg as C:/Users/HP/OER/generated-assets/youtube\video-73.jpg...
INFO    : downloading http://i.ytimg.com/vi/rLFcG0CLUxs/default.jpg as C:/Users/HP/OER/generated-assets/youtube\video-74.jpg...
INFO    : downloading http://i.ytimg.com/vi/ydVOtjiHm4w/default.jpg as C:/Users/HP/OER/generated-assets/youtube\video-75.jpg...
INFO    : downloading http://i.ytimg.com/vi/Vg2iVEeu1Iw/default.jpg as C:/Users/HP/OER/generated-assets/youtube\video-76.jpg...
INFO    : downloading http://i.ytimg.com/vi/4aqlc_ygJPI/default.jpg as C:/Users/HP/OER/generated-assets/youtube\video-77.jpg...
INFO    : downloading http://i.ytimg.com/vi/ersSAN7aFfw/default.jpg as C:/Users/HP/OER/generated-assets/youtube\video-78.jpg...
INFO    : downloading http://i.ytimg.com/vi/SipNcjteILg/default.jpg as C:/Users/HP/OER/generated-assets/youtube\video-79.jpg...
INFO    : downloading http://i.ytimg.com/vi/Ehx6a5VssFo/default.jpg as C:/Users/HP/OER/generated-assets/youtube\video-80.jpg...
INFO    : downloading http://i.ytimg.com/vi/0E8YGm-jm-U/default.jpg as C:/Users/HP/OER/generated-assets/youtube\video-81.jpg...
INFO    : downloading http://i.ytimg.com/vi/FrsVevd38VQ/default.jpg as C:/Users/HP/OER/generated-assets/youtube\video-82.jpg...
INFO    : YouTube thumbnail download complete
INFO    : Now copying play-button image for videos


INFO    : Generating generic video preview, aka "play button" into C:/Users/HP/OER/generated-assets/play-button
INFO    : Note: No program elements using codelens found.
INFO    : Note: No elements needing datafile conversion found
INFO    : Now generating QR codes for videos and/or interactives


INFO    : manufacturing QR codes from C:\Users\HP\OER\source\main.ptx for placement in C:/Users/HP/OER/generated-assets/qrcode
INFO    : XSL conversion of C:\Users\HP\OER\source\main.ptx by C:\Users\HP\.ptx\xsl\extract-qrcode.xsl
INFO    : comprehensive messages, warnings, and errors:
INFO    : successful application of C:\Users\HP\.ptx\xsl\extract-qrcode.xsl
INFO    : creating URL with content "https://www.youtube.com/watch?v=5ucfHd8FWKw" as C:/Users/HP/OER/generated-assets/qrcode\video-1.png...
INFO    : creating URL with content "https://www.youtube.com/watch?v=Jf2PgGInUEk" as C:/Users/HP/OER/generated-assets/qrcode\video-2.png...
INFO    : creating URL with content "https://www.youtube.com/watch?v=Bq0fDYtbfBA" as C:/Users/HP/OER/generated-assets/qrcode\video-3.png...
INFO    : creating URL with content "https://www.youtube.com/watch?v=iJoZIbjRrYA" as C:/Users/HP/OER/generated-assets/qrcode\video-4.png...
INFO    : creating URL with content "https://www.youtube.com/watch?v=VZm6mxu2xlk" as C:/Users/HP/OER/generated-assets/qrcode\video-5.png...
INFO    : creating URL with content "https://www.youtube.com/watch?v=Uc5fC3HN2eQ" as C:/Users/HP/OER/generated-assets/qrcode\video-6.png...
INFO    : creating URL with content "https://www.youtube.com/watch?v=esHLwySu4XU" as C:/Users/HP/OER/generated-assets/qrcode\video-7.png...
INFO    : creating URL with content "https://www.youtube.com/watch?v=XHKygCac7tg" as C:/Users/HP/OER/generated-assets/qrcode\video-8.png...
INFO    : creating URL with content "https://www.youtube.com/watch?v=I8uZpimzHzg" as C:/Users/HP/OER/generated-assets/qrcode\video-9.png...
INFO    : creating URL with content "https://www.youtube.com/watch?v=dvGmHBzbvDQ" as C:/Users/HP/OER/generated-assets/qrcode\video-10.png...
INFO    : creating URL with content "https://www.youtube.com/watch?v=tzTCOBEkbgA" as C:/Users/HP/OER/generated-assets/qrcode\video-11.png...
INFO    : creating URL with content "https://www.youtube.com/watch?v=sN-m5WkbMyI" as C:/Users/HP/OER/generated-assets/qrcode\video-12.png...
INFO    : creating URL with content "https://www.youtube.com/watch?v=BLuI118nhzc" as C:/Users/HP/OER/generated-assets/qrcode\video-13.png...
INFO    : creating URL with content "https://www.youtube.com/watch?v=Kn4wcsWCXgY" as C:/Users/HP/OER/generated-assets/qrcode\video-14.png...
INFO    : creating URL with content "https://www.youtube.com/watch?v=n4hoKgGRx_k" as C:/Users/HP/OER/generated-assets/qrcode\video-15.png...
INFO    : creating URL with content "https://www.youtube.com/watch?v=_nO9GlsTdfU" as C:/Users/HP/OER/generated-assets/qrcode\video-16.png...
INFO    : creating URL with content "https://www.youtube.com/watch?v=IPm1qX6NUio" as C:/Users/HP/OER/generated-assets/qrcode\video-17.png...
INFO    : creating URL with content "https://www.youtube.com/watch?v=FB-VKKcC660" as C:/Users/HP/OER/generated-assets/qrcode\video-18.png...
INFO    : creating URL with content "https://www.youtube.com/watch?v=_bhzaBtdUIE" as C:/Users/HP/OER/generated-assets/qrcode\video-19.png...
INFO    : creating URL with content "https://www.youtube.com/watch?v=KEmhb2gHr1U" as C:/Users/HP/OER/generated-assets/qrcode\video-20.png...
INFO    : creating URL with content "https://www.youtube.com/watch?v=3g51mt8Iaz0" as C:/Users/HP/OER/generated-assets/qrcode\video-21.png...
INFO    : creating URL with content "https://www.youtube.com/watch?v=JXxc0o1iAH4" as C:/Users/HP/OER/generated-assets/qrcode\video-22.png...
INFO    : creating URL with content "https://www.youtube.com/watch?v=eGYlzV8E5AM" as C:/Users/HP/OER/generated-assets/qrcode\video-23.png...
INFO    : creating URL with content "https://www.youtube.com/watch?v=GwQ1ublCTBY" as C:/Users/HP/OER/generated-assets/qrcode\video-24.png...
INFO    : creating URL with content "https://www.youtube.com/watch?v=eaPGC3rYA_E" as C:/Users/HP/OER/generated-assets/qrcode\video-25.png...
INFO    : creating URL with content "https://www.youtube.com/watch?v=XUrUBts_ivE" as C:/Users/HP/OER/generated-assets/qrcode\video-26.png...
INFO    : creating URL with content "https://www.youtube.com/watch?v=1gDZC8lOaKI" as C:/Users/HP/OER/generated-assets/qrcode\video-27.png...
INFO    : creating URL with content "https://www.youtube.com/watch?v=8DLz_Ys1VhI" as C:/Users/HP/OER/generated-assets/qrcode\video-28.png...
INFO    : creating URL with content "https://www.youtube.com/watch?v=tUtIkpymzkg" as C:/Users/HP/OER/generated-assets/qrcode\video-29.png...
INFO    : creating URL with content "https://www.youtube.com/watch?v=yLdrVot7WmY" as C:/Users/HP/OER/generated-assets/qrcode\video-30.png...
INFO    : creating URL with content "https://www.youtube.com/watch?v=lG4ixrdnEQ4" as C:/Users/HP/OER/generated-assets/qrcode\video-31.png...
INFO    : creating URL with content "https://www.youtube.com/watch?v=dHMGV_WOG7w" as C:/Users/HP/OER/generated-assets/qrcode\video-32.png...
INFO    : creating URL with content "https://www.youtube.com/watch?v=i6yXnUEO82k" as C:/Users/HP/OER/generated-assets/qrcode\video-33.png...
INFO    : creating URL with content "https://www.youtube.com/watch?v=dlprnaTxgGc" as C:/Users/HP/OER/generated-assets/qrcode\video-34.png...
INFO    : creating URL with content "https://www.youtube.com/watch?v=iZTNDzuC7A4" as C:/Users/HP/OER/generated-assets/qrcode\for_vb-solving-forces2.png...
INFO    : creating URL with content "https://www.youtube.com/watch?v=zTqmp750d2E" as C:/Users/HP/OER/generated-assets/qrcode\for_vb-dog-on-stool.png...
INFO    : creating URL with content "https://www.youtube.com/watch?v=26vbUjdFpBk" as C:/Users/HP/OER/generated-assets/qrcode\video-37.png...
INFO    : creating URL with content "https://www.youtube.com/watch?v=u67tATWkDQk" as C:/Users/HP/OER/generated-assets/qrcode\video-38.png...
INFO    : creating URL with content "https://www.youtube.com/watch?v=kJ9qrl0SrPI" as C:/Users/HP/OER/generated-assets/qrcode\video-39.png...
INFO    : creating URL with content "https://www.youtube.com/watch?v=FJE5RVCgXGg" as C:/Users/HP/OER/generated-assets/qrcode\video-40.png...
INFO    : creating URL with content "https://www.youtube.com/watch?v=lyOJABYAlO4" as C:/Users/HP/OER/generated-assets/qrcode\video-41.png...
INFO    : creating URL with content "https://www.youtube.com/watch?v=mA5qc9zSi8w" as C:/Users/HP/OER/generated-assets/qrcode\video-42.png...
INFO    : creating URL with content "https://www.youtube.com/watch?v=D8MzvLM2m64" as C:/Users/HP/OER/generated-assets/qrcode\video-43.png...
INFO    : creating URL with content "https://www.youtube.com/watch?v=Mun7c6RB140" as C:/Users/HP/OER/generated-assets/qrcode\video-44.png...
INFO    : creating URL with content "https://www.youtube.com/watch?v=09lGQ0qCaCo" as C:/Users/HP/OER/generated-assets/qrcode\video-45.png...
INFO    : creating URL with content "https://www.youtube.com/watch?v=ZN3597-5_NU" as C:/Users/HP/OER/generated-assets/qrcode\en_vb-work.png...
INFO    : creating URL with content "https://www.youtube.com/watch?v=bzi7R6AW5vA" as C:/Users/HP/OER/generated-assets/qrcode\video-47.png...
INFO    : creating URL with content "https://www.youtube.com/watch?v=bTf1uglBaEQ" as C:/Users/HP/OER/generated-assets/qrcode\video-48.png...
INFO    : creating URL with content "https://www.youtube.com/watch?v=_p0TGVgnK_w" as C:/Users/HP/OER/generated-assets/qrcode\video-49.png...
INFO    : creating URL with content "https://www.youtube.com/watch?v=LGoCZu0yhvs" as C:/Users/HP/OER/generated-assets/qrcode\video-50.png...
INFO    : creating URL with content "https://www.youtube.com/watch?v=KZ0An1CqvzI" as C:/Users/HP/OER/generated-assets/qrcode\video-51.png...
INFO    : creating URL with content "https://www.youtube.com/watch?v=_x3cl1SXSpk" as C:/Users/HP/OER/generated-assets/qrcode\video-52.png...
INFO    : creating URL with content "https://www.youtube.com/watch?v=hMlkGos6HA0" as C:/Users/HP/OER/generated-assets/qrcode\video-53.png...
INFO    : creating URL with content "https://www.youtube.com/watch?v=plP2MLFQZNY" as C:/Users/HP/OER/generated-assets/qrcode\video-54.png...
INFO    : creating URL with content "https://www.youtube.com/watch?v=tIn6UMjLXTo" as C:/Users/HP/OER/generated-assets/qrcode\video-55.png...
INFO    : creating URL with content "https://www.youtube.com/watch?v=7Pqm1T-Ijgk" as C:/Users/HP/OER/generated-assets/qrcode\video-56.png...
INFO    : creating URL with content "https://www.youtube.com/watch?v=5y9oHu5_2_4" as C:/Users/HP/OER/generated-assets/qrcode\video-57.png...
INFO    : creating URL with content "https://www.youtube.com/watch?v=wKb79stvmsQ" as C:/Users/HP/OER/generated-assets/qrcode\video-58.png...
INFO    : creating URL with content "https://www.youtube.com/watch?v=tVYO30-lkVI" as C:/Users/HP/OER/generated-assets/qrcode\en_vb-mvd.png...
INFO    : creating URL with content "https://www.youtube.com/watch?v=7qSLI0p2lpw" as C:/Users/HP/OER/generated-assets/qrcode\video-60.png...
INFO    : creating URL with content "https://www.youtube.com/watch?v=ohX0ywFbPXY" as C:/Users/HP/OER/generated-assets/qrcode\video-61.png...
INFO    : creating URL with content "https://www.youtube.com/watch?v=7sCtIXsKo8s" as C:/Users/HP/OER/generated-assets/qrcode\video-62.png...
INFO    : creating URL with content "https://www.youtube.com/watch?v=j7C4El5zBXs" as C:/Users/HP/OER/generated-assets/qrcode\video-63.png...
INFO    : creating URL with content "https://www.youtube.com/watch?v=mPozBCmcb4w" as C:/Users/HP/OER/generated-assets/qrcode\video-64.png...
INFO    : creating URL with content "https://www.youtube.com/watch?v=IdZoXXpjGpI" as C:/Users/HP/OER/generated-assets/qrcode\video-65.png...
INFO    : creating URL with content "https://www.youtube.com/watch?v=aLi-AAVsIwM" as C:/Users/HP/OER/generated-assets/qrcode\video-66.png...
INFO    : creating URL with content "https://www.youtube.com/watch?v=qMJK_sjdUCw" as C:/Users/HP/OER/generated-assets/qrcode\video-67.png...
INFO    : creating URL with content "https://www.youtube.com/watch?v=bNztugsrtWs" as C:/Users/HP/OER/generated-assets/qrcode\video-68.png...
INFO    : creating URL with content "https://www.youtube.com/watch?v=xqxvXKd6gMU" as C:/Users/HP/OER/generated-assets/qrcode\video-69.png...
INFO    : creating URL with content "https://www.youtube.com/watch?v=XzBIw5aryns" as C:/Users/HP/OER/generated-assets/qrcode\video-70.png...
INFO    : creating URL with content "https://www.youtube.com/watch?v=1anNyNrvtIU" as C:/Users/HP/OER/generated-assets/qrcode\video-71.png...
INFO    : creating URL with content "https://www.youtube.com/watch?v=WNeSIj9tWN4" as C:/Users/HP/OER/generated-assets/qrcode\video-72.png...
INFO    : creating URL with content "https://www.youtube.com/watch?v=C2XHn6NIqAM" as C:/Users/HP/OER/generated-assets/qrcode\video-73.png...
INFO    : creating URL with content "https://www.youtube.com/watch?v=rLFcG0CLUxs" as C:/Users/HP/OER/generated-assets/qrcode\video-74.png...
INFO    : creating URL with content "https://www.youtube.com/watch?v=ydVOtjiHm4w" as C:/Users/HP/OER/generated-assets/qrcode\video-75.png...
INFO    : creating URL with content "https://www.youtube.com/watch?v=Vg2iVEeu1Iw" as C:/Users/HP/OER/generated-assets/qrcode\video-76.png...
INFO    : creating URL with content "https://www.youtube.com/watch?v=4aqlc_ygJPI" as C:/Users/HP/OER/generated-assets/qrcode\video-77.png...
INFO    : creating URL with content "https://www.youtube.com/watch?v=ersSAN7aFfw" as C:/Users/HP/OER/generated-assets/qrcode\video-78.png...
INFO    : creating URL with content "https://www.youtube.com/watch?v=SipNcjteILg" as C:/Users/HP/OER/generated-assets/qrcode\video-79.png...
INFO    : creating URL with content "https://www.youtube.com/watch?v=Ehx6a5VssFo" as C:/Users/HP/OER/generated-assets/qrcode\video-80.png...
INFO    : creating URL with content "https://www.youtube.com/watch?v=0E8YGm-jm-U" as C:/Users/HP/OER/generated-assets/qrcode\video-81.png...
INFO    : creating URL with content "https://www.youtube.com/watch?v=FrsVevd38VQ" as C:/Users/HP/OER/generated-assets/qrcode\video-82.png...
INFO    : QR code creation complete
INFO    : Removing temporary directory C:\Users\HP\AppData\Local\Temp\tmppp1ejo8w
INFO    : Removing temporary directory C:\Users\HP\AppData\Local\Temp\tmpkt5sljso
INFO    : Preparing to build into C:\Users\HP\OER\output\web.
INFO    : 
Now building HTML into C:\Users\HP\OER\output\web

INFO    : discovering source file's directory name: C:\Users\HP\OER\source
INFO    : verifying and expanding input directory: C:\Users\HP\OER\source\../generated-assets
INFO    : input directory expanded to absolute path: C:\Users\HP\OER\generated-assets
INFO    : verifying and expanding input directory: C:\Users\HP\OER\source\../assets
INFO    : input directory expanded to absolute path: C:\Users\HP\OER\assets
INFO    : Runestone Services (via PreTeXt repository): version 6.5.0
INFO    : Runestone Services (using newer, via online CDN query): version 7.5.11
INFO    : converting C:\Users\HP\OER\source\main.ptx to HTML in C:\Users\HP\AppData\Local\Temp\tmpjycpvebs
INFO    : XSL conversion of C:\Users\HP\OER\source\main.ptx by C:\Users\HP\.ptx\xsl\pretext-html.xsl
INFO    : comprehensive messages, warnings, and errors:
INFO    : successful application of C:\Users\HP\.ptx\xsl\pretext-html.xsl
INFO    : Removing temporary directory C:\Users\HP\AppData\Local\Temp\tmpjycpvebs
INFO    : 
Success! Run `pretext view web` to see the results.

