INFO    : PreTeXt project found in `/Users/drenniks/Library/CloudStorage/Box-Box/OER_Book/OSU_physics_OER`.
WARNING : Project's CLI version could not be detected from `requirements.txt`.
WARNING : Try `pretext init --refresh` to produce a compatible file.
INFO    : downloading YouTube thumbnails from /Users/drenniks/Library/CloudStorage/Box-Box/OER_Book/OSU_physics_OER/source/main.ptx for placement in /Users/drenniks/Library/CloudStorage/Box-Box/OER_Book/OSU_physics_OER/generated-assets/youtube
INFO    : XSL conversion of /Users/drenniks/Library/CloudStorage/Box-Box/OER_Book/OSU_physics_OER/source/main.ptx by /Users/drenniks/.ptx/xsl/extract-youtube.xsl
INFO    : comprehensive messages, warnings, and errors:
INFO    :     * PTX:ERROR: the @xml:id value "precircuit" should be unique, but is authored 2 times.
INFO    :     *            Results will be unpredictable, and likely incorrect.  Information on the locations follows:
INFO    :     *              located within: "precircuit" (xml:id)
INFO    :     *              located within: "precircuit" (xml:id)
INFO    : successful application of /Users/drenniks/.ptx/xsl/extract-youtube.xsl
INFO    : downloading http://i.ytimg.com/vi/qMJK_sjdUCw/default.jpg as /Users/drenniks/Library/CloudStorage/Box-Box/OER_Book/OSU_physics_OER/generated-assets/youtube/video-128.jpg...
INFO    : YouTube thumbnail download complete
INFO    : downloading YouTube thumbnails from /Users/drenniks/Library/CloudStorage/Box-Box/OER_Book/OSU_physics_OER/source/main.ptx for placement in /Users/drenniks/Library/CloudStorage/Box-Box/OER_Book/OSU_physics_OER/generated-assets/youtube
INFO    : XSL conversion of /Users/drenniks/Library/CloudStorage/Box-Box/OER_Book/OSU_physics_OER/source/main.ptx by /Users/drenniks/.ptx/xsl/extract-youtube.xsl
INFO    : comprehensive messages, warnings, and errors:
INFO    :     * PTX:ERROR: the @xml:id value "precircuit" should be unique, but is authored 2 times.
INFO    :     *            Results will be unpredictable, and likely incorrect.  Information on the locations follows:
INFO    :     *              located within: "precircuit" (xml:id)
INFO    :     *              located within: "precircuit" (xml:id)
INFO    : successful application of /Users/drenniks/.ptx/xsl/extract-youtube.xsl
INFO    : downloading http://i.ytimg.com/vi/qMJK_sjdUCw/default.jpg as /Users/drenniks/Library/CloudStorage/Box-Box/OER_Book/OSU_physics_OER/generated-assets/youtube/video-129.jpg...
INFO    : downloading http://i.ytimg.com/vi/qMJK_sjdUCw/default.jpg as /Users/drenniks/Library/CloudStorage/Box-Box/OER_Book/OSU_physics_OER/generated-assets/youtube/video-130.jpg...
INFO    : downloading http://i.ytimg.com/vi/qMJK_sjdUCw/default.jpg as /Users/drenniks/Library/CloudStorage/Box-Box/OER_Book/OSU_physics_OER/generated-assets/youtube/video-131.jpg...
INFO    : YouTube thumbnail download complete
INFO    : downloading YouTube thumbnails from /Users/drenniks/Library/CloudStorage/Box-Box/OER_Book/OSU_physics_OER/source/main.ptx for placement in /Users/drenniks/Library/CloudStorage/Box-Box/OER_Book/OSU_physics_OER/generated-assets/youtube
INFO    : XSL conversion of /Users/drenniks/Library/CloudStorage/Box-Box/OER_Book/OSU_physics_OER/source/main.ptx by /Users/drenniks/.ptx/xsl/extract-youtube.xsl
INFO    : comprehensive messages, warnings, and errors:
INFO    :     * PTX:ERROR: the @xml:id value "precircuit" should be unique, but is authored 2 times.
INFO    :     *            Results will be unpredictable, and likely incorrect.  Information on the locations follows:
INFO    :     *              located within: "precircuit" (xml:id)
INFO    :     *              located within: "precircuit" (xml:id)
INFO    : successful application of /Users/drenniks/.ptx/xsl/extract-youtube.xsl
INFO    : downloading http://i.ytimg.com/vi/-du3ynxb63g/default.jpg as /Users/drenniks/Library/CloudStorage/Box-Box/OER_Book/OSU_physics_OER/generated-assets/youtube/video-132.jpg...
INFO    : YouTube thumbnail download complete
INFO    : downloading YouTube thumbnails from /Users/drenniks/Library/CloudStorage/Box-Box/OER_Book/OSU_physics_OER/source/main.ptx for placement in /Users/drenniks/Library/CloudStorage/Box-Box/OER_Book/OSU_physics_OER/generated-assets/youtube
INFO    : XSL conversion of /Users/drenniks/Library/CloudStorage/Box-Box/OER_Book/OSU_physics_OER/source/main.ptx by /Users/drenniks/.ptx/xsl/extract-youtube.xsl
INFO    : comprehensive messages, warnings, and errors:
INFO    :     * PTX:ERROR: the @xml:id value "precircuit" should be unique, but is authored 2 times.
INFO    :     *            Results will be unpredictable, and likely incorrect.  Information on the locations follows:
INFO    :     *              located within: "precircuit" (xml:id)
INFO    :     *              located within: "precircuit" (xml:id)
INFO    : successful application of /Users/drenniks/.ptx/xsl/extract-youtube.xsl
INFO    : downloading http://i.ytimg.com/vi/MM255dsqNI8/default.jpg as /Users/drenniks/Library/CloudStorage/Box-Box/OER_Book/OSU_physics_OER/generated-assets/youtube/video-133.jpg...
INFO    : YouTube thumbnail download complete
INFO    : downloading YouTube thumbnails from /Users/drenniks/Library/CloudStorage/Box-Box/OER_Book/OSU_physics_OER/source/main.ptx for placement in /Users/drenniks/Library/CloudStorage/Box-Box/OER_Book/OSU_physics_OER/generated-assets/youtube
INFO    : XSL conversion of /Users/drenniks/Library/CloudStorage/Box-Box/OER_Book/OSU_physics_OER/source/main.ptx by /Users/drenniks/.ptx/xsl/extract-youtube.xsl
INFO    : comprehensive messages, warnings, and errors:
INFO    :     * PTX:ERROR: the @xml:id value "precircuit" should be unique, but is authored 2 times.
INFO    :     *            Results will be unpredictable, and likely incorrect.  Information on the locations follows:
INFO    :     *              located within: "precircuit" (xml:id)
INFO    :     *              located within: "precircuit" (xml:id)
INFO    : successful application of /Users/drenniks/.ptx/xsl/extract-youtube.xsl
INFO    : downloading http://i.ytimg.com/vi/MSyBade6-LI/default.jpg as /Users/drenniks/Library/CloudStorage/Box-Box/OER_Book/OSU_physics_OER/generated-assets/youtube/video-134.jpg...
INFO    : YouTube thumbnail download complete
INFO    : downloading YouTube thumbnails from /Users/drenniks/Library/CloudStorage/Box-Box/OER_Book/OSU_physics_OER/source/main.ptx for placement in /Users/drenniks/Library/CloudStorage/Box-Box/OER_Book/OSU_physics_OER/generated-assets/youtube
INFO    : XSL conversion of /Users/drenniks/Library/CloudStorage/Box-Box/OER_Book/OSU_physics_OER/source/main.ptx by /Users/drenniks/.ptx/xsl/extract-youtube.xsl
INFO    : comprehensive messages, warnings, and errors:
INFO    :     * PTX:ERROR: the @xml:id value "precircuit" should be unique, but is authored 2 times.
INFO    :     *            Results will be unpredictable, and likely incorrect.  Information on the locations follows:
INFO    :     *              located within: "precircuit" (xml:id)
INFO    :     *              located within: "precircuit" (xml:id)
INFO    : successful application of /Users/drenniks/.ptx/xsl/extract-youtube.xsl
INFO    : downloading http://i.ytimg.com/vi/Fm2REl8GFXk/default.jpg as /Users/drenniks/Library/CloudStorage/Box-Box/OER_Book/OSU_physics_OER/generated-assets/youtube/video-135.jpg...
INFO    : YouTube thumbnail download complete
INFO    : downloading YouTube thumbnails from /Users/drenniks/Library/CloudStorage/Box-Box/OER_Book/OSU_physics_OER/source/main.ptx for placement in /Users/drenniks/Library/CloudStorage/Box-Box/OER_Book/OSU_physics_OER/generated-assets/youtube
INFO    : XSL conversion of /Users/drenniks/Library/CloudStorage/Box-Box/OER_Book/OSU_physics_OER/source/main.ptx by /Users/drenniks/.ptx/xsl/extract-youtube.xsl
INFO    : comprehensive messages, warnings, and errors:
INFO    :     * PTX:ERROR: the @xml:id value "precircuit" should be unique, but is authored 2 times.
INFO    :     *            Results will be unpredictable, and likely incorrect.  Information on the locations follows:
INFO    :     *              located within: "precircuit" (xml:id)
INFO    :     *              located within: "precircuit" (xml:id)
INFO    : successful application of /Users/drenniks/.ptx/xsl/extract-youtube.xsl
INFO    : downloading http://i.ytimg.com/vi/JEF0v-ZU1WI/default.jpg as /Users/drenniks/Library/CloudStorage/Box-Box/OER_Book/OSU_physics_OER/generated-assets/youtube/video-136.jpg...
INFO    : downloading http://i.ytimg.com/vi/qMJK_sjdUCw/default.jpg as /Users/drenniks/Library/CloudStorage/Box-Box/OER_Book/OSU_physics_OER/generated-assets/youtube/video-137.jpg...
INFO    : YouTube thumbnail download complete
INFO    : downloading YouTube thumbnails from /Users/drenniks/Library/CloudStorage/Box-Box/OER_Book/OSU_physics_OER/source/main.ptx for placement in /Users/drenniks/Library/CloudStorage/Box-Box/OER_Book/OSU_physics_OER/generated-assets/youtube
INFO    : XSL conversion of /Users/drenniks/Library/CloudStorage/Box-Box/OER_Book/OSU_physics_OER/source/main.ptx by /Users/drenniks/.ptx/xsl/extract-youtube.xsl
INFO    : comprehensive messages, warnings, and errors:
INFO    :     * PTX:ERROR: the @xml:id value "precircuit" should be unique, but is authored 2 times.
INFO    :     *            Results will be unpredictable, and likely incorrect.  Information on the locations follows:
INFO    :     *              located within: "precircuit" (xml:id)
INFO    :     *              located within: "precircuit" (xml:id)
INFO    : successful application of /Users/drenniks/.ptx/xsl/extract-youtube.xsl
INFO    : downloading http://i.ytimg.com/vi/fT6xl59m-JM/default.jpg as /Users/drenniks/Library/CloudStorage/Box-Box/OER_Book/OSU_physics_OER/generated-assets/youtube/video-138.jpg...
INFO    : YouTube thumbnail download complete
INFO    : downloading YouTube thumbnails from /Users/drenniks/Library/CloudStorage/Box-Box/OER_Book/OSU_physics_OER/source/main.ptx for placement in /Users/drenniks/Library/CloudStorage/Box-Box/OER_Book/OSU_physics_OER/generated-assets/youtube
INFO    : XSL conversion of /Users/drenniks/Library/CloudStorage/Box-Box/OER_Book/OSU_physics_OER/source/main.ptx by /Users/drenniks/.ptx/xsl/extract-youtube.xsl
INFO    : comprehensive messages, warnings, and errors:
INFO    :     * PTX:ERROR: the @xml:id value "precircuit" should be unique, but is authored 2 times.
INFO    :     *            Results will be unpredictable, and likely incorrect.  Information on the locations follows:
INFO    :     *              located within: "precircuit" (xml:id)
INFO    :     *              located within: "precircuit" (xml:id)
INFO    : successful application of /Users/drenniks/.ptx/xsl/extract-youtube.xsl
INFO    : downloading http://i.ytimg.com/vi/qMJK_sjdUCw/default.jpg as /Users/drenniks/Library/CloudStorage/Box-Box/OER_Book/OSU_physics_OER/generated-assets/youtube/video-139.jpg...
INFO    : YouTube thumbnail download complete
INFO    : downloading YouTube thumbnails from /Users/drenniks/Library/CloudStorage/Box-Box/OER_Book/OSU_physics_OER/source/main.ptx for placement in /Users/drenniks/Library/CloudStorage/Box-Box/OER_Book/OSU_physics_OER/generated-assets/youtube
INFO    : XSL conversion of /Users/drenniks/Library/CloudStorage/Box-Box/OER_Book/OSU_physics_OER/source/main.ptx by /Users/drenniks/.ptx/xsl/extract-youtube.xsl
INFO    : comprehensive messages, warnings, and errors:
INFO    :     * PTX:ERROR: the @xml:id value "precircuit" should be unique, but is authored 2 times.
INFO    :     *            Results will be unpredictable, and likely incorrect.  Information on the locations follows:
INFO    :     *              located within: "precircuit" (xml:id)
INFO    :     *              located within: "precircuit" (xml:id)
INFO    : successful application of /Users/drenniks/.ptx/xsl/extract-youtube.xsl
INFO    : downloading http://i.ytimg.com/vi/zpsPTBHeFT4/default.jpg as /Users/drenniks/Library/CloudStorage/Box-Box/OER_Book/OSU_physics_OER/generated-assets/youtube/video-140.jpg...
INFO    : YouTube thumbnail download complete
INFO    : Generating generic video preview, aka "play button" into /Users/drenniks/Library/CloudStorage/Box-Box/OER_Book/OSU_physics_OER/generated-assets/play-button
INFO    : manufacturing QR codes from /Users/drenniks/Library/CloudStorage/Box-Box/OER_Book/OSU_physics_OER/source/main.ptx for placement in /Users/drenniks/Library/CloudStorage/Box-Box/OER_Book/OSU_physics_OER/generated-assets/qrcode
INFO    : XSL conversion of /Users/drenniks/Library/CloudStorage/Box-Box/OER_Book/OSU_physics_OER/source/main.ptx by /Users/drenniks/.ptx/xsl/extract-qrcode.xsl
INFO    : comprehensive messages, warnings, and errors:
INFO    :     * PTX:ERROR: the @xml:id value "precircuit" should be unique, but is authored 2 times.
INFO    :     *            Results will be unpredictable, and likely incorrect.  Information on the locations follows:
INFO    :     *              located within: "precircuit" (xml:id)
INFO    :     *              located within: "precircuit" (xml:id)
INFO    : successful application of /Users/drenniks/.ptx/xsl/extract-qrcode.xsl
INFO    : creating URL with content "https://www.youtube.com/watch?v=zpsPTBHeFT4" as /Users/drenniks/Library/CloudStorage/Box-Box/OER_Book/OSU_physics_OER/generated-assets/qrcode/video-140.png...
INFO    : QR code creation complete
INFO    : manufacturing QR codes from /Users/drenniks/Library/CloudStorage/Box-Box/OER_Book/OSU_physics_OER/source/main.ptx for placement in /Users/drenniks/Library/CloudStorage/Box-Box/OER_Book/OSU_physics_OER/generated-assets/qrcode
INFO    : XSL conversion of /Users/drenniks/Library/CloudStorage/Box-Box/OER_Book/OSU_physics_OER/source/main.ptx by /Users/drenniks/.ptx/xsl/extract-qrcode.xsl
INFO    : comprehensive messages, warnings, and errors:
INFO    :     * PTX:ERROR: the @xml:id value "precircuit" should be unique, but is authored 2 times.
INFO    :     *            Results will be unpredictable, and likely incorrect.  Information on the locations follows:
INFO    :     *              located within: "precircuit" (xml:id)
INFO    :     *              located within: "precircuit" (xml:id)
INFO    : successful application of /Users/drenniks/.ptx/xsl/extract-qrcode.xsl
INFO    : creating URL with content "https://www.youtube.com/watch?v=fT6xl59m-JM" as /Users/drenniks/Library/CloudStorage/Box-Box/OER_Book/OSU_physics_OER/generated-assets/qrcode/video-138.png...
INFO    : QR code creation complete
INFO    : manufacturing QR codes from /Users/drenniks/Library/CloudStorage/Box-Box/OER_Book/OSU_physics_OER/source/main.ptx for placement in /Users/drenniks/Library/CloudStorage/Box-Box/OER_Book/OSU_physics_OER/generated-assets/qrcode
INFO    : XSL conversion of /Users/drenniks/Library/CloudStorage/Box-Box/OER_Book/OSU_physics_OER/source/main.ptx by /Users/drenniks/.ptx/xsl/extract-qrcode.xsl
INFO    : comprehensive messages, warnings, and errors:
INFO    :     * PTX:ERROR: the @xml:id value "precircuit" should be unique, but is authored 2 times.
INFO    :     *            Results will be unpredictable, and likely incorrect.  Information on the locations follows:
INFO    :     *              located within: "precircuit" (xml:id)
INFO    :     *              located within: "precircuit" (xml:id)
INFO    : successful application of /Users/drenniks/.ptx/xsl/extract-qrcode.xsl
INFO    : creating URL with content "https://www.youtube.com/watch?v=qMJK_sjdUCw" as /Users/drenniks/Library/CloudStorage/Box-Box/OER_Book/OSU_physics_OER/generated-assets/qrcode/video-139.png...
INFO    : QR code creation complete
INFO    : manufacturing QR codes from /Users/drenniks/Library/CloudStorage/Box-Box/OER_Book/OSU_physics_OER/source/main.ptx for placement in /Users/drenniks/Library/CloudStorage/Box-Box/OER_Book/OSU_physics_OER/generated-assets/qrcode
INFO    : XSL conversion of /Users/drenniks/Library/CloudStorage/Box-Box/OER_Book/OSU_physics_OER/source/main.ptx by /Users/drenniks/.ptx/xsl/extract-qrcode.xsl
INFO    : comprehensive messages, warnings, and errors:
INFO    :     * PTX:ERROR: the @xml:id value "precircuit" should be unique, but is authored 2 times.
INFO    :     *            Results will be unpredictable, and likely incorrect.  Information on the locations follows:
INFO    :     *              located within: "precircuit" (xml:id)
INFO    :     *              located within: "precircuit" (xml:id)
INFO    : successful application of /Users/drenniks/.ptx/xsl/extract-qrcode.xsl
INFO    : creating URL with content "https://www.youtube.com/watch?v=-du3ynxb63g" as /Users/drenniks/Library/CloudStorage/Box-Box/OER_Book/OSU_physics_OER/generated-assets/qrcode/video-132.png...
INFO    : QR code creation complete
INFO    : manufacturing QR codes from /Users/drenniks/Library/CloudStorage/Box-Box/OER_Book/OSU_physics_OER/source/main.ptx for placement in /Users/drenniks/Library/CloudStorage/Box-Box/OER_Book/OSU_physics_OER/generated-assets/qrcode
INFO    : XSL conversion of /Users/drenniks/Library/CloudStorage/Box-Box/OER_Book/OSU_physics_OER/source/main.ptx by /Users/drenniks/.ptx/xsl/extract-qrcode.xsl
INFO    : comprehensive messages, warnings, and errors:
INFO    :     * PTX:ERROR: the @xml:id value "precircuit" should be unique, but is authored 2 times.
INFO    :     *            Results will be unpredictable, and likely incorrect.  Information on the locations follows:
INFO    :     *              located within: "precircuit" (xml:id)
INFO    :     *              located within: "precircuit" (xml:id)
INFO    : successful application of /Users/drenniks/.ptx/xsl/extract-qrcode.xsl
INFO    : creating URL with content "https://www.youtube.com/watch?v=MM255dsqNI8" as /Users/drenniks/Library/CloudStorage/Box-Box/OER_Book/OSU_physics_OER/generated-assets/qrcode/video-133.png...
INFO    : QR code creation complete
INFO    : manufacturing QR codes from /Users/drenniks/Library/CloudStorage/Box-Box/OER_Book/OSU_physics_OER/source/main.ptx for placement in /Users/drenniks/Library/CloudStorage/Box-Box/OER_Book/OSU_physics_OER/generated-assets/qrcode
INFO    : XSL conversion of /Users/drenniks/Library/CloudStorage/Box-Box/OER_Book/OSU_physics_OER/source/main.ptx by /Users/drenniks/.ptx/xsl/extract-qrcode.xsl
INFO    : comprehensive messages, warnings, and errors:
INFO    :     * PTX:ERROR: the @xml:id value "precircuit" should be unique, but is authored 2 times.
INFO    :     *            Results will be unpredictable, and likely incorrect.  Information on the locations follows:
INFO    :     *              located within: "precircuit" (xml:id)
INFO    :     *              located within: "precircuit" (xml:id)
INFO    : successful application of /Users/drenniks/.ptx/xsl/extract-qrcode.xsl
INFO    : creating URL with content "https://www.youtube.com/watch?v=Fm2REl8GFXk" as /Users/drenniks/Library/CloudStorage/Box-Box/OER_Book/OSU_physics_OER/generated-assets/qrcode/video-135.png...
INFO    : QR code creation complete
INFO    : manufacturing QR codes from /Users/drenniks/Library/CloudStorage/Box-Box/OER_Book/OSU_physics_OER/source/main.ptx for placement in /Users/drenniks/Library/CloudStorage/Box-Box/OER_Book/OSU_physics_OER/generated-assets/qrcode
INFO    : XSL conversion of /Users/drenniks/Library/CloudStorage/Box-Box/OER_Book/OSU_physics_OER/source/main.ptx by /Users/drenniks/.ptx/xsl/extract-qrcode.xsl
INFO    : comprehensive messages, warnings, and errors:
INFO    :     * PTX:ERROR: the @xml:id value "precircuit" should be unique, but is authored 2 times.
INFO    :     *            Results will be unpredictable, and likely incorrect.  Information on the locations follows:
INFO    :     *              located within: "precircuit" (xml:id)
INFO    :     *              located within: "precircuit" (xml:id)
INFO    : successful application of /Users/drenniks/.ptx/xsl/extract-qrcode.xsl
INFO    : creating URL with content "https://www.youtube.com/watch?v=qMJK_sjdUCw" as /Users/drenniks/Library/CloudStorage/Box-Box/OER_Book/OSU_physics_OER/generated-assets/qrcode/video-128.png...
INFO    : QR code creation complete
INFO    : manufacturing QR codes from /Users/drenniks/Library/CloudStorage/Box-Box/OER_Book/OSU_physics_OER/source/main.ptx for placement in /Users/drenniks/Library/CloudStorage/Box-Box/OER_Book/OSU_physics_OER/generated-assets/qrcode
INFO    : XSL conversion of /Users/drenniks/Library/CloudStorage/Box-Box/OER_Book/OSU_physics_OER/source/main.ptx by /Users/drenniks/.ptx/xsl/extract-qrcode.xsl
INFO    : comprehensive messages, warnings, and errors:
INFO    :     * PTX:ERROR: the @xml:id value "precircuit" should be unique, but is authored 2 times.
INFO    :     *            Results will be unpredictable, and likely incorrect.  Information on the locations follows:
INFO    :     *              located within: "precircuit" (xml:id)
INFO    :     *              located within: "precircuit" (xml:id)
INFO    : successful application of /Users/drenniks/.ptx/xsl/extract-qrcode.xsl
INFO    : creating URL with content "https://www.youtube.com/watch?v=MSyBade6-LI" as /Users/drenniks/Library/CloudStorage/Box-Box/OER_Book/OSU_physics_OER/generated-assets/qrcode/video-134.png...
INFO    : QR code creation complete
INFO    : manufacturing QR codes from /Users/drenniks/Library/CloudStorage/Box-Box/OER_Book/OSU_physics_OER/source/main.ptx for placement in /Users/drenniks/Library/CloudStorage/Box-Box/OER_Book/OSU_physics_OER/generated-assets/qrcode
INFO    : XSL conversion of /Users/drenniks/Library/CloudStorage/Box-Box/OER_Book/OSU_physics_OER/source/main.ptx by /Users/drenniks/.ptx/xsl/extract-qrcode.xsl
INFO    : comprehensive messages, warnings, and errors:
INFO    :     * PTX:ERROR: the @xml:id value "precircuit" should be unique, but is authored 2 times.
INFO    :     *            Results will be unpredictable, and likely incorrect.  Information on the locations follows:
INFO    :     *              located within: "precircuit" (xml:id)
INFO    :     *              located within: "precircuit" (xml:id)
INFO    : successful application of /Users/drenniks/.ptx/xsl/extract-qrcode.xsl
INFO    : creating URL with content "https://www.youtube.com/watch?v=JEF0v-ZU1WI" as /Users/drenniks/Library/CloudStorage/Box-Box/OER_Book/OSU_physics_OER/generated-assets/qrcode/video-136.png...
INFO    : creating URL with content "https://www.youtube.com/watch?v=qMJK_sjdUCw" as /Users/drenniks/Library/CloudStorage/Box-Box/OER_Book/OSU_physics_OER/generated-assets/qrcode/video-137.png...
INFO    : QR code creation complete
INFO    : manufacturing QR codes from /Users/drenniks/Library/CloudStorage/Box-Box/OER_Book/OSU_physics_OER/source/main.ptx for placement in /Users/drenniks/Library/CloudStorage/Box-Box/OER_Book/OSU_physics_OER/generated-assets/qrcode
INFO    : XSL conversion of /Users/drenniks/Library/CloudStorage/Box-Box/OER_Book/OSU_physics_OER/source/main.ptx by /Users/drenniks/.ptx/xsl/extract-qrcode.xsl
INFO    : comprehensive messages, warnings, and errors:
INFO    :     * PTX:ERROR: the @xml:id value "precircuit" should be unique, but is authored 2 times.
INFO    :     *            Results will be unpredictable, and likely incorrect.  Information on the locations follows:
INFO    :     *              located within: "precircuit" (xml:id)
INFO    :     *              located within: "precircuit" (xml:id)
INFO    : successful application of /Users/drenniks/.ptx/xsl/extract-qrcode.xsl
INFO    : creating URL with content "https://www.youtube.com/watch?v=qMJK_sjdUCw" as /Users/drenniks/Library/CloudStorage/Box-Box/OER_Book/OSU_physics_OER/generated-assets/qrcode/video-129.png...
INFO    : creating URL with content "https://www.youtube.com/watch?v=qMJK_sjdUCw" as /Users/drenniks/Library/CloudStorage/Box-Box/OER_Book/OSU_physics_OER/generated-assets/qrcode/video-130.png...
INFO    : creating URL with content "https://www.youtube.com/watch?v=qMJK_sjdUCw" as /Users/drenniks/Library/CloudStorage/Box-Box/OER_Book/OSU_physics_OER/generated-assets/qrcode/video-131.png...
INFO    : QR code creation complete
INFO    : Removing temporary directory /var/folders/xx/r4b8p4054z95zn4_cnq4zl1c0000gn/T/tmpd6zwwqdh
INFO    : Removing temporary directory /var/folders/xx/r4b8p4054z95zn4_cnq4zl1c0000gn/T/tmpp1rvxmhx
INFO    : Removing temporary directory /var/folders/xx/r4b8p4054z95zn4_cnq4zl1c0000gn/T/tmpqhlj0ri1
INFO    : Removing temporary directory /var/folders/xx/r4b8p4054z95zn4_cnq4zl1c0000gn/T/tmp9ztkfm72
INFO    : Removing temporary directory /var/folders/xx/r4b8p4054z95zn4_cnq4zl1c0000gn/T/tmp8n4_6o5y
INFO    : Removing temporary directory /var/folders/xx/r4b8p4054z95zn4_cnq4zl1c0000gn/T/tmp8ivmj2ak
INFO    : Removing temporary directory /var/folders/xx/r4b8p4054z95zn4_cnq4zl1c0000gn/T/tmpe10h854p
INFO    : Removing temporary directory /var/folders/xx/r4b8p4054z95zn4_cnq4zl1c0000gn/T/tmp8jwog30_
INFO    : Removing temporary directory /var/folders/xx/r4b8p4054z95zn4_cnq4zl1c0000gn/T/tmp97yq09k1
INFO    : Removing temporary directory /var/folders/xx/r4b8p4054z95zn4_cnq4zl1c0000gn/T/tmpwygkko0v
INFO    : Removing temporary directory /var/folders/xx/r4b8p4054z95zn4_cnq4zl1c0000gn/T/tmpja3in4s2
INFO    : Removing temporary directory /var/folders/xx/r4b8p4054z95zn4_cnq4zl1c0000gn/T/tmpxnp0qmhz
INFO    : Removing temporary directory /var/folders/xx/r4b8p4054z95zn4_cnq4zl1c0000gn/T/tmph74z05al
INFO    : Removing temporary directory /var/folders/xx/r4b8p4054z95zn4_cnq4zl1c0000gn/T/tmp9arpj0k1
INFO    : Removing temporary directory /var/folders/xx/r4b8p4054z95zn4_cnq4zl1c0000gn/T/tmp69w3wpda
INFO    : Removing temporary directory /var/folders/xx/r4b8p4054z95zn4_cnq4zl1c0000gn/T/tmpnpxscxp8
INFO    : Removing temporary directory /var/folders/xx/r4b8p4054z95zn4_cnq4zl1c0000gn/T/tmpqyklc4q2
INFO    : Removing temporary directory /var/folders/xx/r4b8p4054z95zn4_cnq4zl1c0000gn/T/tmp9_wvam_x
INFO    : Removing temporary directory /var/folders/xx/r4b8p4054z95zn4_cnq4zl1c0000gn/T/tmp995pgn73
INFO    : Removing temporary directory /var/folders/xx/r4b8p4054z95zn4_cnq4zl1c0000gn/T/tmp1my6x2vt
INFO    : Preparing to build into /Users/drenniks/Library/CloudStorage/Box-Box/OER_Book/OSU_physics_OER/output/web.
INFO    : discovering source file's directory name: /Users/drenniks/Library/CloudStorage/Box-Box/OER_Book/OSU_physics_OER/source
INFO    : verifying and expanding input directory: /Users/drenniks/Library/CloudStorage/Box-Box/OER_Book/OSU_physics_OER/source/../generated-assets
INFO    : input directory expanded to absolute path: /Users/drenniks/Library/CloudStorage/Box-Box/OER_Book/OSU_physics_OER/generated-assets
INFO    : verifying and expanding input directory: /Users/drenniks/Library/CloudStorage/Box-Box/OER_Book/OSU_physics_OER/source/../assets
INFO    : input directory expanded to absolute path: /Users/drenniks/Library/CloudStorage/Box-Box/OER_Book/OSU_physics_OER/assets
INFO    : Runestone Services (via PreTeXt repository): version 7.1.2
INFO    : Runestone Services (using newer, via online CDN query): version 7.2.9
