INFO    : PreTeXt project found in `/Users/bobby/Library/CloudStorage/Box-Box/OER_Book/OSU_physics_OER`.
INFO    : Preparing to build into /Users/bobby/Library/CloudStorage/Box-Box/OER_Book/OSU_physics_OER/output/web.
INFO    : discovering source file's directory name: /Users/bobby/Library/CloudStorage/Box-Box/OER_Book/OSU_physics_OER/source
INFO    : verifying and expanding input directory: /Users/bobby/Library/CloudStorage/Box-Box/OER_Book/OSU_physics_OER/source/../generated-assets
INFO    : input directory expanded to absolute path: /Users/bobby/Library/CloudStorage/Box-Box/OER_Book/OSU_physics_OER/generated-assets
INFO    : verifying and expanding input directory: /Users/bobby/Library/CloudStorage/Box-Box/OER_Book/OSU_physics_OER/source/../assets
INFO    : input directory expanded to absolute path: /Users/bobby/Library/CloudStorage/Box-Box/OER_Book/OSU_physics_OER/assets
INFO    : Runestone Services (via PreTeXt repository): version 7.1.2
INFO    : Runestone Services (using newer, via online CDN query): version 7.2.9
INFO    : converting /Users/bobby/Library/CloudStorage/Box-Box/OER_Book/OSU_physics_OER/source/main.ptx to HTML in /var/folders/gv/yjz23k652c1_sdwhghb43v480000gn/T/tmpwcc15add
INFO    : XSL conversion of /Users/bobby/Library/CloudStorage/Box-Box/OER_Book/OSU_physics_OER/source/main.ptx by /Users/bobby/.ptx/xsl/pretext-html.xsl
INFO    : comprehensive messages, warnings, and errors:
INFO    :     * PTX:ERROR: the @xml:id value "precircuit" should be unique, but is authored 2 times.
INFO    :     *            Results will be unpredictable, and likely incorrect.  Information on the locations follows:
INFO    :     *              located within: "precircuit" (xml:id)
INFO    :     *              located within: "precircuit" (xml:id)
INFO    :     * PTX:DEPRECATE: (2023-08-08) a "website" element with "address" and "name" children has changed.  Continue to use the "website" element as before, but replace the "address" and "name" children with a single "url" element, which is more flexible and reliable.  We will try to honor your intent, but you may prefer your own adjustments. (1 time)
INFO    :     *              located within: "meta_frontmatter" (xml:id)
INFO    :     * --------------
INFO    : successful application of /Users/bobby/.ptx/xsl/pretext-html.xsl
INFO    : 
Success! Run `pretext view` to see the results.

