INFO    : PreTeXt project found in `/Users/drenniks/Library/CloudStorage/Box-Box/OER_Book/OSU_physics_OER`.
INFO    : Preparing to build into /Users/drenniks/Library/CloudStorage/Box-Box/OER_Book/OSU_physics_OER/output/web.
INFO    : discovering source file's directory name: /Users/drenniks/Library/CloudStorage/Box-Box/OER_Book/OSU_physics_OER/source
INFO    : verifying and expanding input directory: /Users/drenniks/Library/CloudStorage/Box-Box/OER_Book/OSU_physics_OER/source/../generated-assets
INFO    : input directory expanded to absolute path: /Users/drenniks/Library/CloudStorage/Box-Box/OER_Book/OSU_physics_OER/generated-assets
INFO    : verifying and expanding input directory: /Users/drenniks/Library/CloudStorage/Box-Box/OER_Book/OSU_physics_OER/source/../assets
INFO    : input directory expanded to absolute path: /Users/drenniks/Library/CloudStorage/Box-Box/OER_Book/OSU_physics_OER/assets
INFO    : Runestone Services (via PreTeXt repository): version 7.1.2
INFO    : Runestone Services (using newer, via online CDN query): version 7.2.10
INFO    : converting /Users/drenniks/Library/CloudStorage/Box-Box/OER_Book/OSU_physics_OER/source/main.ptx to HTML in /var/folders/xx/r4b8p4054z95zn4_cnq4zl1c0000gn/T/tmps6fts3uv
INFO    : XSL conversion of /Users/drenniks/Library/CloudStorage/Box-Box/OER_Book/OSU_physics_OER/source/main.ptx by /Users/drenniks/.ptx/xsl/pretext-html.xsl
INFO    : comprehensive messages, warnings, and errors:
INFO    :     * PTX:DEPRECATE: (2023-08-08) a "website" element with "address" and "name" children has changed.  Continue to use the "website" element as before, but replace the "address" and "name" children with a single "url" element, which is more flexible and reliable.  We will try to honor your intent, but you may prefer your own adjustments. (1 time)
INFO    :     *              located within: "meta_frontmatter" (xml:id)
INFO    :     * --------------
INFO    : successful application of /Users/drenniks/.ptx/xsl/pretext-html.xsl
CRITICAL: [('/var/folders/xx/r4b8p4054z95zn4_cnq4zl1c0000gn/T/tmps6fts3uv/knowl/fn/sec_covariation-4-3.html', '/Users/drenniks/Library/CloudStorage/Box-Box/OER_Book/OSU_physics_OER/output/web/knowl/fn/sec_covariation-4-3.html', "[Errno 60] Operation timed out: '/Users/drenniks/Library/CloudStorage/Box-Box/OER_Book/OSU_physics_OER/output/web/knowl/fn/sec_covariation-4-3.html'"), ('/var/folders/xx/r4b8p4054z95zn4_cnq4zl1c0000gn/T/tmps6fts3uv/knowl/fn/sec_flux-5-2-1-4.html', '/Users/drenniks/Library/CloudStorage/Box-Box/OER_Book/OSU_physics_OER/output/web/knowl/fn/sec_flux-5-2-1-4.html', "[Errno 60] Operation timed out: '/Users/drenniks/Library/CloudStorage/Box-Box/OER_Book/OSU_physics_OER/output/web/knowl/fn/sec_flux-5-2-1-4.html'"), ('/var/folders/xx/r4b8p4054z95zn4_cnq4zl1c0000gn/T/tmps6fts3uv/meta_backmatter-2.html', '/Users/drenniks/Library/CloudStorage/Box-Box/OER_Book/OSU_physics_OER/output/web/meta_backmatter-2.html', "[Errno 60] Operation timed out: '/Users/drenniks/Library/CloudStorage/Box-Box/OER_Book/OSU_physics_OER/output/web/meta_backmatter-2.html'")]
INFO    : ------------------------
CRITICAL: Failed to build.  Exiting...
INFO    : While running pretext, the following errors occurred:

