INFO    : PreTeXt-CLI version: 2.6.0

INFO    : PreTeXt project found in `/Users/tumblinr/Desktop/OSU_physics_OER`.
WARNING : Using CLI version 2.6.0 but project's `requirements.txt`
WARNING : is configured to use 2.3.4. Consider either installing
WARNING : CLI version 2.3.4 or running `pretext init --refresh`
WARNING : to update `requirements.txt` to match 2.6.0.
INFO    : Building target web
INFO    : Preparing to build into /Users/tumblinr/Desktop/OSU_physics_OER/output/web.
INFO    : discovering source file's directory name: /Users/tumblinr/Desktop/OSU_physics_OER/source
INFO    : verifying and expanding input directory: /Users/tumblinr/Desktop/OSU_physics_OER/source/../generated-assets
INFO    : input directory expanded to absolute path: /Users/tumblinr/Desktop/OSU_physics_OER/generated-assets
INFO    : verifying and expanding input directory: /Users/tumblinr/Desktop/OSU_physics_OER/source/../assets
INFO    : input directory expanded to absolute path: /Users/tumblinr/Desktop/OSU_physics_OER/assets
INFO    : Runestone Services (via PreTeXt repository): version 7.3.0
INFO    : Runestone Services (using newer, via online CDN query): version 7.3.5
INFO    : converting /Users/tumblinr/Desktop/OSU_physics_OER/source/main.ptx to HTML in /var/folders/4p/p358lfm56_5cnt_tz3xhr9500000gn/T/ptx-qketndkm
INFO    : XSL conversion of /Users/tumblinr/Desktop/OSU_physics_OER/source/main.ptx by /Users/tumblinr/.ptx/2.6.0/core/xsl/pretext-html.xsl
INFO    : successful application of /Users/tumblinr/.ptx/2.6.0/core/xsl/pretext-html.xsl
INFO    : 
Success! Run `pretext view` to see the results.

INFO    : 
